00:13:23.576 [localhost-startStop-1] INFO  o.a.s.cache.ehcache.EhCacheManager - Cache with name 'cn.edu.fjnu.shiro.LoginRealm.authorizationCache' does not yet exist.  Creating now.
00:13:23.611 [localhost-startStop-1] INFO  o.a.s.cache.ehcache.EhCacheManager - Added EhCache named [cn.edu.fjnu.shiro.LoginRealm.authorizationCache]
00:13:23.643 [localhost-startStop-1] INFO  o.a.s.cache.ehcache.EhCacheManager - Cache with name 'shiro-kickout-session' does not yet exist.  Creating now.
00:13:23.644 [localhost-startStop-1] INFO  o.a.s.cache.ehcache.EhCacheManager - Added EhCache named [shiro-kickout-session]
00:13:32.975 [http-bio-8080-exec-3] INFO  o.h.validator.internal.util.Version - HV000001: Hibernate Validator 4.3.0.Final
00:13:33.575 [http-bio-8080-exec-3] INFO  o.a.s.s.m.AbstractValidatingSessionManager - Enabling session validation scheduler...
00:14:20.225 [localhost-startStop-1] INFO  o.a.s.cache.ehcache.EhCacheManager - Cache with name 'cn.edu.fjnu.shiro.LoginRealm.authorizationCache' does not yet exist.  Creating now.
00:14:20.266 [localhost-startStop-1] INFO  o.a.s.cache.ehcache.EhCacheManager - Added EhCache named [cn.edu.fjnu.shiro.LoginRealm.authorizationCache]
00:14:20.312 [localhost-startStop-1] INFO  o.a.s.cache.ehcache.EhCacheManager - Cache with name 'shiro-kickout-session' does not yet exist.  Creating now.
00:14:20.312 [localhost-startStop-1] INFO  o.a.s.cache.ehcache.EhCacheManager - Added EhCache named [shiro-kickout-session]
00:14:30.494 [http-bio-8080-exec-3] INFO  o.h.validator.internal.util.Version - HV000001: Hibernate Validator 4.3.0.Final
00:14:31.213 [http-bio-8080-exec-3] INFO  o.a.s.s.m.AbstractValidatingSessionManager - Enabling session validation scheduler...
00:19:04.579 [ContainerBackgroundProcessor[StandardEngine[Catalina]]] INFO  o.a.s.cache.ehcache.EhCacheManager - Cache with name 'cn.edu.fjnu.shiro.LoginRealm.authorizationCache' does not yet exist.  Creating now.
00:19:04.607 [ContainerBackgroundProcessor[StandardEngine[Catalina]]] INFO  o.a.s.cache.ehcache.EhCacheManager - Added EhCache named [cn.edu.fjnu.shiro.LoginRealm.authorizationCache]
00:19:04.629 [ContainerBackgroundProcessor[StandardEngine[Catalina]]] INFO  o.a.s.cache.ehcache.EhCacheManager - Cache with name 'shiro-kickout-session' does not yet exist.  Creating now.
00:19:04.630 [ContainerBackgroundProcessor[StandardEngine[Catalina]]] INFO  o.a.s.cache.ehcache.EhCacheManager - Added EhCache named [shiro-kickout-session]
00:19:33.333 [localhost-startStop-1] INFO  o.a.s.cache.ehcache.EhCacheManager - Cache with name 'cn.edu.fjnu.shiro.LoginRealm.authorizationCache' does not yet exist.  Creating now.
00:19:33.361 [localhost-startStop-1] INFO  o.a.s.cache.ehcache.EhCacheManager - Added EhCache named [cn.edu.fjnu.shiro.LoginRealm.authorizationCache]
00:19:33.409 [localhost-startStop-1] INFO  o.a.s.cache.ehcache.EhCacheManager - Cache with name 'shiro-kickout-session' does not yet exist.  Creating now.
00:19:33.410 [localhost-startStop-1] INFO  o.a.s.cache.ehcache.EhCacheManager - Added EhCache named [shiro-kickout-session]
00:19:37.480 [http-bio-8080-exec-3] INFO  o.h.validator.internal.util.Version - HV000001: Hibernate Validator 4.3.0.Final
00:19:38.249 [http-bio-8080-exec-3] INFO  o.a.s.s.m.AbstractValidatingSessionManager - Enabling session validation scheduler...
00:21:37.681 [ContainerBackgroundProcessor[StandardEngine[Catalina]]] INFO  o.a.s.cache.ehcache.EhCacheManager - Cache with name 'cn.edu.fjnu.shiro.LoginRealm.authorizationCache' does not yet exist.  Creating now.
00:21:37.719 [ContainerBackgroundProcessor[StandardEngine[Catalina]]] INFO  o.a.s.cache.ehcache.EhCacheManager - Added EhCache named [cn.edu.fjnu.shiro.LoginRealm.authorizationCache]
00:21:37.748 [ContainerBackgroundProcessor[StandardEngine[Catalina]]] INFO  o.a.s.cache.ehcache.EhCacheManager - Cache with name 'shiro-kickout-session' does not yet exist.  Creating now.
00:21:37.749 [ContainerBackgroundProcessor[StandardEngine[Catalina]]] INFO  o.a.s.cache.ehcache.EhCacheManager - Added EhCache named [shiro-kickout-session]
00:22:21.664 [localhost-startStop-1] INFO  o.a.s.cache.ehcache.EhCacheManager - Cache with name 'cn.edu.fjnu.shiro.LoginRealm.authorizationCache' does not yet exist.  Creating now.
00:22:21.710 [localhost-startStop-1] INFO  o.a.s.cache.ehcache.EhCacheManager - Added EhCache named [cn.edu.fjnu.shiro.LoginRealm.authorizationCache]
00:22:21.748 [localhost-startStop-1] INFO  o.a.s.cache.ehcache.EhCacheManager - Cache with name 'shiro-kickout-session' does not yet exist.  Creating now.
00:22:21.748 [localhost-startStop-1] INFO  o.a.s.cache.ehcache.EhCacheManager - Added EhCache named [shiro-kickout-session]
00:22:29.083 [http-bio-8080-exec-3] INFO  o.h.validator.internal.util.Version - HV000001: Hibernate Validator 4.3.0.Final
00:22:30.015 [http-bio-8080-exec-3] INFO  o.a.s.s.m.AbstractValidatingSessionManager - Enabling session validation scheduler...
00:22:55.223 [ContainerBackgroundProcessor[StandardEngine[Catalina]]] INFO  o.a.s.cache.ehcache.EhCacheManager - Cache with name 'cn.edu.fjnu.shiro.LoginRealm.authorizationCache' does not yet exist.  Creating now.
00:22:55.297 [ContainerBackgroundProcessor[StandardEngine[Catalina]]] INFO  o.a.s.cache.ehcache.EhCacheManager - Added EhCache named [cn.edu.fjnu.shiro.LoginRealm.authorizationCache]
00:22:55.350 [ContainerBackgroundProcessor[StandardEngine[Catalina]]] INFO  o.a.s.cache.ehcache.EhCacheManager - Cache with name 'shiro-kickout-session' does not yet exist.  Creating now.
00:22:55.351 [ContainerBackgroundProcessor[StandardEngine[Catalina]]] INFO  o.a.s.cache.ehcache.EhCacheManager - Added EhCache named [shiro-kickout-session]
00:23:53.722 [localhost-startStop-1] INFO  o.a.s.cache.ehcache.EhCacheManager - Cache with name 'cn.edu.fjnu.shiro.LoginRealm.authorizationCache' does not yet exist.  Creating now.
00:23:53.762 [localhost-startStop-1] INFO  o.a.s.cache.ehcache.EhCacheManager - Added EhCache named [cn.edu.fjnu.shiro.LoginRealm.authorizationCache]
00:23:53.798 [localhost-startStop-1] INFO  o.a.s.cache.ehcache.EhCacheManager - Cache with name 'shiro-kickout-session' does not yet exist.  Creating now.
00:23:53.799 [localhost-startStop-1] INFO  o.a.s.cache.ehcache.EhCacheManager - Added EhCache named [shiro-kickout-session]
00:23:57.940 [http-bio-8080-exec-3] INFO  o.h.validator.internal.util.Version - HV000001: Hibernate Validator 4.3.0.Final
00:23:58.653 [http-bio-8080-exec-3] INFO  o.a.s.s.m.AbstractValidatingSessionManager - Enabling session validation scheduler...
