12:35:11.608 [ContainerBackgroundProcessor[StandardEngine[Catalina]]] INFO  o.a.s.cache.ehcache.EhCacheManager - Cache with name 'cn.edu.fjnu.shiro.LoginRealm.authorizationCache' does not yet exist.  Creating now.
12:35:11.634 [ContainerBackgroundProcessor[StandardEngine[Catalina]]] INFO  o.a.s.cache.ehcache.EhCacheManager - Added EhCache named [cn.edu.fjnu.shiro.LoginRealm.authorizationCache]
12:35:11.659 [ContainerBackgroundProcessor[StandardEngine[Catalina]]] INFO  o.a.s.cache.ehcache.EhCacheManager - Cache with name 'shiro-kickout-session' does not yet exist.  Creating now.
12:35:11.660 [ContainerBackgroundProcessor[StandardEngine[Catalina]]] INFO  o.a.s.cache.ehcache.EhCacheManager - Added EhCache named [shiro-kickout-session]
12:35:36.262 [http-bio-8080-exec-3] INFO  cn.edu.fjnu.shiro.SecurityController - asdf
12:35:37.419 [http-bio-8080-exec-8] INFO  cn.edu.fjnu.shiro.SecurityController - asdf
12:36:37.776 [http-bio-8080-exec-2] INFO  cn.edu.fjnu.shiro.SecurityController - asdf
12:36:40.451 [http-bio-8080-exec-8] INFO  cn.edu.fjnu.shiro.SecurityController - asdf
12:38:23.216 [http-bio-8080-exec-2] INFO  cn.edu.fjnu.shiro.SecurityController - 登录失败。失败类型：null
12:38:25.859 [http-bio-8080-exec-8] INFO  cn.edu.fjnu.shiro.SecurityController - 登录失败。失败类型：randomCodeError
12:38:45.235 [http-bio-8080-exec-10] INFO  cn.edu.fjnu.shiro.SecurityController - 登录失败。失败类型：randomCodeError
12:38:58.859 [http-bio-8080-exec-10] INFO  cn.edu.fjnu.shiro.SecurityController - 登录失败。失败类型：org.apache.shiro.authc.IncorrectCredentialsException
12:42:09.380 [http-bio-8080-exec-3] INFO  cn.edu.fjnu.shiro.SecurityController - 尝试登录。登录失败。失败类型：null
12:42:10.569 [http-bio-8080-exec-7] INFO  cn.edu.fjnu.shiro.SecurityController - 尝试登录。登录失败。失败类型：randomCodeError
12:44:53.765 [http-bio-8080-exec-3] INFO  cn.edu.fjnu.shiro.SecurityController - 尝试登录。登录失败。失败类型：null
12:44:55.609 [http-bio-8080-exec-7] INFO  cn.edu.fjnu.shiro.SecurityController - 尝试登录。登录失败。失败类型：randomCodeError
12:47:56.778 [http-bio-8080-exec-2] INFO  cn.edu.fjnu.shiro.SecurityController - 尝试登录。登录失败。失败类型：null
12:48:02.243 [http-bio-8080-exec-7] INFO  cn.edu.fjnu.shiro.SecurityController - 尝试登录。登录失败。失败类型：randomCodeError
12:48:07.979 [http-bio-8080-exec-9] INFO  c.e.f.s.LoginFormAuthenticationFilter - 用户:110尝试登录。登录成功。
12:57:05.735 [http-bio-8080-exec-14] INFO  cn.edu.fjnu.shiro.SecurityController - 尝试登录失败。失败类型：null
12:57:05.778 [http-bio-8080-exec-10] INFO  cn.edu.fjnu.shiro.SecurityController - 尝试登录失败。失败类型：null
12:57:16.907 [http-bio-8080-exec-10] INFO  c.e.f.s.LoginFormAuthenticationFilter - 尝试登录成功。登录用户：110
12:57:20.147 [http-bio-8080-exec-19] INFO  cn.edu.fjnu.shiro.SecurityController - 尝试登录失败。失败类型：null
12:57:24.127 [http-bio-8080-exec-20] INFO  cn.edu.fjnu.shiro.SecurityController - 尝试登录失败。失败类型：randomCodeError
13:00:07.984 [http-bio-8080-exec-7] INFO  c.e.f.s.LoginFormAuthenticationFilter - 尝试登录成功。登录用户：110
13:04:22.959 [http-bio-8080-exec-6] INFO  cn.edu.fjnu.shiro.SecurityController - 尝试登录失败。失败类型：null
13:04:28.725 [http-bio-8080-exec-8] INFO  c.e.f.s.LoginFormAuthenticationFilter - 尝试登录成功。登录用户：110
13:06:32.059 [http-bio-8080-exec-8] INFO  cn.edu.fjnu.shiro.SecurityController - 尝试登录失败。失败类型：null
13:06:41.023 [http-bio-8080-exec-10] INFO  c.e.f.s.LoginFormAuthenticationFilter - 尝试登录成功。登录用户：110
13:07:24.786 [http-bio-8080-exec-8] INFO  cn.edu.fjnu.shiro.SecurityController - 尝试登录失败。失败类型：null
13:07:29.795 [http-bio-8080-exec-10] INFO  c.e.f.s.LoginFormAuthenticationFilter - 尝试登录成功。登录用户：110
13:21:14.892 [http-bio-8080-exec-2] INFO  cn.edu.fjnu.shiro.SecurityController - 尝试登录失败。失败类型：null
13:21:15.864 [http-bio-8080-exec-2] INFO  cn.edu.fjnu.shiro.SecurityController - 尝试登录失败。失败类型：null
13:21:16.333 [http-bio-8080-exec-2] INFO  cn.edu.fjnu.shiro.SecurityController - 尝试登录失败。失败类型：null
13:21:16.791 [http-bio-8080-exec-2] INFO  cn.edu.fjnu.shiro.SecurityController - 尝试登录失败。失败类型：null
13:21:17.550 [http-bio-8080-exec-2] INFO  cn.edu.fjnu.shiro.SecurityController - 尝试登录失败。失败类型：null
13:21:22.215 [http-bio-8080-exec-2] INFO  cn.edu.fjnu.shiro.SecurityController - 尝试登录失败。失败类型：null
13:21:23.296 [http-bio-8080-exec-2] INFO  cn.edu.fjnu.shiro.SecurityController - 尝试登录失败。失败类型：null
13:21:24.150 [http-bio-8080-exec-2] INFO  cn.edu.fjnu.shiro.SecurityController - 尝试登录失败。失败类型：null
13:21:25.998 [http-bio-8080-exec-2] INFO  cn.edu.fjnu.shiro.SecurityController - 尝试登录失败。失败类型：null
13:21:26.433 [http-bio-8080-exec-2] INFO  cn.edu.fjnu.shiro.SecurityController - 尝试登录失败。失败类型：null
13:21:27.674 [http-bio-8080-exec-2] INFO  cn.edu.fjnu.shiro.SecurityController - 尝试登录失败。失败类型：null
13:21:31.858 [http-bio-8080-exec-2] INFO  c.e.f.s.LoginFormAuthenticationFilter - 尝试登录成功。登录用户：110
13:23:30.022 [http-bio-8080-exec-9] INFO  cn.edu.fjnu.shiro.SecurityController - 尝试登录失败。失败类型：null
13:23:35.725 [http-bio-8080-exec-1] INFO  c.e.f.s.LoginFormAuthenticationFilter - 尝试登录成功。登录用户：110
13:32:50.410 [http-bio-8080-exec-9] INFO  cn.edu.fjnu.shiro.SecurityController - 尝试登录失败。失败类型：null
13:32:55.449 [http-bio-8080-exec-10] INFO  c.e.f.s.LoginFormAuthenticationFilter - 尝试登录成功。登录用户：110
13:36:19.414 [http-bio-8080-exec-9] INFO  cn.edu.fjnu.shiro.SecurityController - 尝试登录失败。失败类型：null
13:36:24.220 [http-bio-8080-exec-1] INFO  c.e.f.s.LoginFormAuthenticationFilter - 尝试登录成功。登录用户：110
13:37:10.553 [http-bio-8080-exec-8] INFO  cn.edu.fjnu.shiro.SecurityController - 尝试登录失败。失败类型：null
13:37:13.917 [http-bio-8080-exec-3] INFO  c.e.f.s.LoginFormAuthenticationFilter - 尝试登录成功。登录用户：110
13:39:18.202 [http-bio-8080-exec-4] INFO  cn.edu.fjnu.shiro.SecurityController - 尝试登录失败。失败类型：null
13:39:20.815 [http-bio-8080-exec-6] INFO  cn.edu.fjnu.shiro.SecurityController - 尝试登录失败。失败类型：null
13:39:25.440 [http-bio-8080-exec-6] INFO  c.e.f.s.LoginFormAuthenticationFilter - 尝试登录成功。登录用户：110
13:46:23.690 [http-bio-8080-exec-4] INFO  cn.edu.fjnu.shiro.SecurityController - 尝试登录失败。失败类型：null
13:46:26.041 [http-bio-8080-exec-6] INFO  cn.edu.fjnu.shiro.SecurityController - 尝试登录失败。失败类型：null
13:46:31.147 [http-bio-8080-exec-6] INFO  c.e.f.s.LoginFormAuthenticationFilter - 尝试登录成功。登录用户：110
13:57:07.370 [http-bio-8080-exec-9] INFO  cn.edu.fjnu.shiro.SecurityController - 尝试登录失败。失败类型：null
13:57:12.495 [http-bio-8080-exec-10] INFO  c.e.f.s.LoginFormAuthenticationFilter - 尝试登录成功。登录用户：110
14:34:45.226 [http-bio-8080-exec-9] INFO  cn.edu.fjnu.shiro.SecurityController - 尝试登录失败。失败类型：null
14:34:51.106 [http-bio-8080-exec-10] INFO  cn.edu.fjnu.shiro.SecurityController - 尝试登录失败。失败类型：randomCodeError
14:34:54.310 [http-bio-8080-exec-10] INFO  c.e.f.s.LoginFormAuthenticationFilter - 尝试登录成功。登录用户：110
14:36:08.510 [http-bio-8080-exec-9] INFO  cn.edu.fjnu.shiro.SecurityController - 尝试登录失败。失败类型：null
14:36:12.768 [http-bio-8080-exec-10] INFO  c.e.f.s.LoginFormAuthenticationFilter - 尝试登录成功。登录用户：110
14:47:33.795 [http-bio-8080-exec-9] INFO  cn.edu.fjnu.shiro.SecurityController - 尝试登录失败。失败类型：null
14:47:47.871 [http-bio-8080-exec-1] INFO  c.e.f.s.LoginFormAuthenticationFilter - 尝试登录成功。登录用户：110
14:49:07.259 [http-bio-8080-exec-9] INFO  cn.edu.fjnu.shiro.SecurityController - 尝试登录失败。失败类型：null
14:49:12.032 [http-bio-8080-exec-10] INFO  c.e.f.s.LoginFormAuthenticationFilter - 尝试登录成功。登录用户：110
15:03:09.577 [http-bio-8080-exec-5] INFO  cn.edu.fjnu.shiro.SecurityController - 尝试登录失败。失败类型：null
15:03:37.855 [http-bio-8080-exec-1] INFO  cn.edu.fjnu.shiro.SecurityController - 尝试登录失败。失败类型：null
15:03:41.486 [http-bio-8080-exec-6] INFO  c.e.f.s.LoginFormAuthenticationFilter - 尝试登录成功。登录用户：110
15:12:55.572 [http-bio-8080-exec-4] INFO  cn.edu.fjnu.shiro.SecurityController - 尝试登录失败。失败类型：null
15:12:58.120 [http-bio-8080-exec-6] INFO  cn.edu.fjnu.shiro.SecurityController - 尝试登录失败。失败类型：randomCodeError
15:13:02.694 [http-bio-8080-exec-8] INFO  c.e.f.s.LoginFormAuthenticationFilter - 尝试登录成功。登录用户：110
15:14:10.491 [http-bio-8080-exec-7] INFO  cn.edu.fjnu.shiro.SecurityController - 尝试登录失败。失败类型：null
15:14:13.832 [http-bio-8080-exec-9] INFO  c.e.f.s.LoginFormAuthenticationFilter - 尝试登录成功。登录用户：110
15:15:07.587 [http-bio-8080-exec-4] INFO  cn.edu.fjnu.shiro.SecurityController - 尝试登录失败。失败类型：null
15:15:07.614 [http-bio-8080-exec-10] INFO  cn.edu.fjnu.shiro.SecurityController - 尝试登录失败。失败类型：null
15:15:11.106 [http-bio-8080-exec-9] INFO  cn.edu.fjnu.shiro.SecurityController - 尝试登录失败。失败类型：null
15:15:15.909 [http-bio-8080-exec-4] INFO  c.e.f.s.LoginFormAuthenticationFilter - 尝试登录成功。登录用户：110
15:16:21.681 [http-bio-8080-exec-9] INFO  cn.edu.fjnu.shiro.SecurityController - 尝试登录失败。失败类型：null
15:16:26.121 [http-bio-8080-exec-10] INFO  c.e.f.s.LoginFormAuthenticationFilter - 尝试登录成功。登录用户：110
15:17:07.246 [http-bio-8080-exec-9] INFO  cn.edu.fjnu.shiro.SecurityController - 尝试登录失败。失败类型：null
15:17:11.988 [http-bio-8080-exec-10] INFO  c.e.f.s.LoginFormAuthenticationFilter - 尝试登录成功。登录用户：110
15:19:56.967 [http-bio-8080-exec-2] INFO  cn.edu.fjnu.shiro.SecurityController - 尝试登录失败。失败类型：null
15:20:03.842 [http-bio-8080-exec-3] INFO  c.e.f.s.LoginFormAuthenticationFilter - 尝试登录成功。登录用户：111
15:20:08.020 [http-bio-8080-exec-7] INFO  cn.edu.fjnu.shiro.SecurityController - 尝试登录失败。失败类型：null
15:20:12.920 [http-bio-8080-exec-7] INFO  c.e.f.s.LoginFormAuthenticationFilter - 尝试登录成功。登录用户：110
15:23:40.698 [http-bio-8080-exec-9] INFO  cn.edu.fjnu.shiro.SecurityController - 尝试登录失败。失败类型：null
15:23:45.165 [http-bio-8080-exec-7] INFO  c.e.f.s.LoginFormAuthenticationFilter - 尝试登录成功。登录用户：110
15:30:20.376 [http-bio-8080-exec-9] INFO  cn.edu.fjnu.shiro.SecurityController - 尝试登录失败。失败类型：null
15:30:24.548 [http-bio-8080-exec-1] INFO  c.e.f.s.LoginFormAuthenticationFilter - 尝试登录成功。登录用户：110
15:33:50.053 [http-bio-8080-exec-9] INFO  cn.edu.fjnu.shiro.SecurityController - 尝试登录失败。失败类型：null
15:33:54.490 [http-bio-8080-exec-1] INFO  cn.edu.fjnu.shiro.SecurityController - 尝试登录失败。失败类型：randomCodeError
15:33:57.794 [http-bio-8080-exec-1] INFO  c.e.f.s.LoginFormAuthenticationFilter - 尝试登录成功。登录用户：110
15:34:46.883 [http-bio-8080-exec-5] INFO  cn.edu.fjnu.shiro.SecurityController - 尝试登录失败。失败类型：null
15:34:53.580 [http-bio-8080-exec-5] INFO  c.e.f.s.LoginFormAuthenticationFilter - 尝试登录成功。登录用户：117
15:39:37.541 [http-bio-8080-exec-5] INFO  cn.edu.fjnu.shiro.SecurityController - 尝试登录失败。失败类型：null
15:39:43.507 [http-bio-8080-exec-7] INFO  c.e.f.s.LoginFormAuthenticationFilter - 尝试登录成功。登录用户：117
15:39:45.811 [http-bio-8080-exec-3] INFO  cn.edu.fjnu.shiro.SecurityController - 尝试登录失败。失败类型：null
15:39:54.263 [http-bio-8080-exec-3] INFO  c.e.f.s.LoginFormAuthenticationFilter - 尝试登录成功。登录用户：110
15:41:58.942 [http-bio-8080-exec-9] INFO  cn.edu.fjnu.shiro.SecurityController - 尝试登录失败。失败类型：null
22:55:25.279 [http-bio-8080-exec-9] INFO  cn.edu.fjnu.shiro.SecurityController - 尝试登录失败。失败类型：null
22:56:52.773 [http-bio-8080-exec-3] INFO  c.e.f.s.LoginFormAuthenticationFilter - 尝试登录成功。登录用户：110
22:57:55.138 [http-bio-8080-exec-2] INFO  cn.edu.fjnu.shiro.SecurityController - 尝试登录失败。失败类型：null
22:58:04.725 [http-bio-8080-exec-1] INFO  cn.edu.fjnu.shiro.SecurityController - 尝试登录失败。失败类型：null
22:58:09.339 [http-bio-8080-exec-3] INFO  c.e.f.s.LoginFormAuthenticationFilter - 尝试登录成功。登录用户：110
22:59:04.062 [http-bio-8080-exec-11] INFO  cn.edu.fjnu.shiro.SecurityController - 尝试登录失败。失败类型：null
22:59:09.883 [http-bio-8080-exec-17] INFO  c.e.f.s.LoginFormAuthenticationFilter - 尝试登录成功。登录用户：55
23:04:23.071 [http-bio-8080-exec-12] INFO  cn.edu.fjnu.shiro.SecurityController - 尝试登录失败。失败类型：null
23:04:29.552 [http-bio-8080-exec-12] INFO  c.e.f.s.LoginFormAuthenticationFilter - 尝试登录成功。登录用户：55
23:04:52.649 [http-bio-8080-exec-21] INFO  cn.edu.fjnu.shiro.SecurityController - 尝试登录失败。失败类型：null
23:04:59.324 [http-bio-8080-exec-21] INFO  c.e.f.s.LoginFormAuthenticationFilter - 尝试登录成功。登录用户：110
23:08:20.026 [http-bio-8080-exec-26] INFO  cn.edu.fjnu.shiro.SecurityController - 尝试登录失败。失败类型：null
23:09:52.214 [http-bio-8080-exec-6] INFO  cn.edu.fjnu.shiro.SecurityController - 尝试登录失败。失败类型：null
23:10:00.951 [http-bio-8080-exec-8] INFO  c.e.f.s.LoginFormAuthenticationFilter - 尝试登录成功。登录用户：110
23:10:03.732 [http-bio-8080-exec-4] INFO  cn.edu.fjnu.shiro.SecurityController - 尝试登录失败。失败类型：null
23:10:11.109 [http-bio-8080-exec-4] INFO  cn.edu.fjnu.shiro.SecurityController - 尝试登录失败。失败类型：org.apache.shiro.authc.AuthenticationException
23:10:16.331 [http-bio-8080-exec-4] INFO  cn.edu.fjnu.shiro.SecurityController - 尝试登录失败。失败类型：org.apache.shiro.authc.AuthenticationException
23:10:19.220 [http-bio-8080-exec-4] INFO  cn.edu.fjnu.shiro.SecurityController - 尝试登录失败。失败类型：null
23:10:26.091 [http-bio-8080-exec-4] INFO  c.e.f.s.LoginFormAuthenticationFilter - 尝试登录成功。登录用户：55
23:12:33.056 [http-bio-8080-exec-1] INFO  cn.edu.fjnu.shiro.SecurityController - 尝试登录失败。失败类型：null
23:12:44.332 [http-bio-8080-exec-1] INFO  c.e.f.s.LoginFormAuthenticationFilter - 尝试登录成功。登录用户：110
23:18:50.769 [http-bio-8080-exec-5] INFO  cn.edu.fjnu.shiro.SecurityController - 尝试登录失败。失败类型：null
23:18:56.570 [http-bio-8080-exec-7] INFO  c.e.f.s.LoginFormAuthenticationFilter - 尝试登录成功。登录用户：110
23:19:54.379 [http-bio-8080-exec-7] INFO  cn.edu.fjnu.shiro.SecurityController - 尝试登录失败。失败类型：null
23:20:00.568 [http-bio-8080-exec-9] INFO  c.e.f.s.LoginFormAuthenticationFilter - 尝试登录成功。登录用户：110
23:21:22.340 [http-bio-8080-exec-8] INFO  cn.edu.fjnu.shiro.SecurityController - 尝试登录失败。失败类型：null
23:21:26.932 [http-bio-8080-exec-10] INFO  cn.edu.fjnu.shiro.SecurityController - 尝试登录失败。失败类型：randomCodeError
23:21:32.200 [http-bio-8080-exec-10] INFO  c.e.f.s.LoginFormAuthenticationFilter - 尝试登录成功。登录用户：110
23:23:33.428 [http-bio-8080-exec-4] INFO  cn.edu.fjnu.shiro.SecurityController - 尝试登录失败。失败类型：null
23:23:45.360 [http-bio-8080-exec-4] INFO  c.e.f.s.LoginFormAuthenticationFilter - 尝试登录成功。登录用户：55
23:24:02.194 [http-bio-8080-exec-4] INFO  cn.edu.fjnu.shiro.SecurityController - 尝试登录失败。失败类型：null
23:24:08.186 [http-bio-8080-exec-4] INFO  c.e.f.s.LoginFormAuthenticationFilter - 尝试登录成功。登录用户：110
23:28:21.986 [http-bio-8080-exec-7] INFO  cn.edu.fjnu.shiro.SecurityController - 尝试登录失败。失败类型：null
23:28:31.118 [http-bio-8080-exec-9] INFO  c.e.f.s.LoginFormAuthenticationFilter - 尝试登录成功。登录用户：110
23:29:21.797 [http-bio-8080-exec-6] INFO  cn.edu.fjnu.shiro.SecurityController - 尝试登录失败。失败类型：null
23:29:27.703 [http-bio-8080-exec-6] INFO  c.e.f.s.LoginFormAuthenticationFilter - 尝试登录成功。登录用户：55
23:33:12.281 [http-bio-8080-exec-7] INFO  c.e.f.s.LoginFormAuthenticationFilter - 尝试登录成功。登录用户：55
23:33:19.615 [http-bio-8080-exec-4] INFO  c.e.f.s.LoginFormAuthenticationFilter - 尝试登录成功。登录用户：55
23:34:12.572 [http-bio-8080-exec-3] INFO  cn.edu.fjnu.shiro.SecurityController - 尝试登录失败。失败类型：org.apache.shiro.authc.IncorrectCredentialsException
